<?xml version="1.0" encoding="UTF-8"?>
<Site BuildName="Win32-mingw32-make"
	BuildStamp="20241109-0738-Experimental"
	Name="DESKTOP-S2D227R"
	Generator="ctest-3.30.2"
	CompilerName="C:/Users/kck03/mingw64/bin/g++.exe"
	CompilerVersion="12.2.0"
	OSName="Windows"
	Hostname="DESKTOP-S2D227R"
	OSRelease=" Personal"
	OSVersion=" (Build 19045)"
	OSPlatform="AMD64"
	Is64Bits="1"
	VendorString="GenuineIntel"
	VendorID="Intel Corporation"
	FamilyID="6"
	ModelID="5"
	ProcessorCacheSize="-1"
	NumberOfLogicalCPU="8"
	NumberOfPhysicalCPU="4"
	TotalVirtualMemory="22721"
	TotalPhysicalMemory="12109"
	LogicalProcessorsPerPhysical="2"
	ProcessorClockFrequency="2400"
	>
	<Testing>
		<StartDateTime>Nov 09 15:38 Malay Peninsula Standard Time</StartDateTime>
		<StartTestTime>1731137924</StartTestTime>
		<TestList/>
		<EndDateTime>Nov 09 15:38 Malay Peninsula Standard Time</EndDateTime>
		<EndTestTime>1731137924</EndTestTime>
		<ElapsedMinutes>0</ElapsedMinutes>
	</Testing>
</Site>
